Analysis & Synthesis report for DE0
Thu Apr 16 16:46:38 2015
Quartus II Version 9.0 Build 235 06/17/2009 Service Pack 2 SJ Web Edition


---------------------
; Table of Contents ;
---------------------
  1. Legal Notice
  2. Analysis & Synthesis Summary
  3. Analysis & Synthesis Settings
  4. Analysis & Synthesis Source Files Read
  5. Analysis & Synthesis Resource Usage Summary
  6. Analysis & Synthesis Resource Utilization by Entity
  7. General Register Statistics
  8. Inverted Register Statistics
  9. Parameter Settings for Inferred Entity Instance: lpm_divide:Mod0
 10. Parameter Settings for Inferred Entity Instance: lpm_divide:Div0
 11. Analysis & Synthesis Messages



----------------
; Legal Notice ;
----------------
Copyright (C) 1991-2009 Altera Corporation
Your use of Altera Corporation's design tools, logic functions 
and other software and tools, and its AMPP partner logic 
functions, and any output files from any of the foregoing 
(including device programming or simulation files), and any 
associated documentation or information are expressly subject 
to the terms and conditions of the Altera Program License 
Subscription Agreement, Altera MegaCore Function License 
Agreement, or other applicable license agreement, including, 
without limitation, that your use is for the sole purpose of 
programming logic devices manufactured by Altera and sold by 
Altera or its authorized distributors.  Please refer to the 
applicable agreement for further details.



+-----------------------------------------------------------------------------------+
; Analysis & Synthesis Summary                                                      ;
+------------------------------------+----------------------------------------------+
; Analysis & Synthesis Status        ; Successful - Thu Apr 16 16:46:38 2015        ;
; Quartus II Version                 ; 9.0 Build 235 06/17/2009 SP 2 SJ Web Edition ;
; Revision Name                      ; DE0                                          ;
; Top-level Entity Name              ; DE0                                          ;
; Family                             ; Cyclone III                                  ;
; Total logic elements               ; 199                                          ;
;     Total combinational functions  ; 199                                          ;
;     Dedicated logic registers      ; 41                                           ;
; Total registers                    ; 41                                           ;
; Total pins                         ; 252                                          ;
; Total virtual pins                 ; 0                                            ;
; Total memory bits                  ; 0                                            ;
; Embedded Multiplier 9-bit elements ; 0                                            ;
; Total PLLs                         ; 0                                            ;
+------------------------------------+----------------------------------------------+


+--------------------------------------------------------------------------------------------------------+
; Analysis & Synthesis Settings                                                                          ;
+--------------------------------------------------------------+--------------------+--------------------+
; Option                                                       ; Setting            ; Default Value      ;
+--------------------------------------------------------------+--------------------+--------------------+
; Device                                                       ; EP3C16F484C6       ;                    ;
; Top-level entity name                                        ; DE0                ; DE0                ;
; Family name                                                  ; Cyclone III        ; Stratix II         ;
; Use Generated Physical Constraints File                      ; Off                ;                    ;
; Use smart compilation                                        ; Off                ; Off                ;
; Restructure Multiplexers                                     ; Auto               ; Auto               ;
; Create Debugging Nodes for IP Cores                          ; Off                ; Off                ;
; Preserve fewer node names                                    ; On                 ; On                 ;
; Disable OpenCore Plus hardware evaluation                    ; Off                ; Off                ;
; Verilog Version                                              ; Verilog_2001       ; Verilog_2001       ;
; VHDL Version                                                 ; VHDL93             ; VHDL93             ;
; State Machine Processing                                     ; Auto               ; Auto               ;
; Safe State Machine                                           ; Off                ; Off                ;
; Extract Verilog State Machines                               ; On                 ; On                 ;
; Extract VHDL State Machines                                  ; On                 ; On                 ;
; Ignore Verilog initial constructs                            ; Off                ; Off                ;
; Iteration limit for constant Verilog loops                   ; 5000               ; 5000               ;
; Iteration limit for non-constant Verilog loops               ; 250                ; 250                ;
; Add Pass-Through Logic to Inferred RAMs                      ; On                 ; On                 ;
; Parallel Synthesis                                           ; Off                ; Off                ;
; DSP Block Balancing                                          ; Auto               ; Auto               ;
; NOT Gate Push-Back                                           ; On                 ; On                 ;
; Power-Up Don't Care                                          ; On                 ; On                 ;
; Remove Redundant Logic Cells                                 ; Off                ; Off                ;
; Remove Duplicate Registers                                   ; On                 ; On                 ;
; Ignore CARRY Buffers                                         ; Off                ; Off                ;
; Ignore CASCADE Buffers                                       ; Off                ; Off                ;
; Ignore GLOBAL Buffers                                        ; Off                ; Off                ;
; Ignore ROW GLOBAL Buffers                                    ; Off                ; Off                ;
; Ignore LCELL Buffers                                         ; Off                ; Off                ;
; Ignore SOFT Buffers                                          ; On                 ; On                 ;
; Limit AHDL Integers to 32 Bits                               ; Off                ; Off                ;
; Optimization Technique                                       ; Balanced           ; Balanced           ;
; Carry Chain Length                                           ; 70                 ; 70                 ;
; Auto Carry Chains                                            ; On                 ; On                 ;
; Auto Open-Drain Pins                                         ; On                 ; On                 ;
; Perform WYSIWYG Primitive Resynthesis                        ; Off                ; Off                ;
; Auto ROM Replacement                                         ; On                 ; On                 ;
; Auto RAM Replacement                                         ; On                 ; On                 ;
; Auto DSP Block Replacement                                   ; On                 ; On                 ;
; Auto Shift Register Replacement                              ; Auto               ; Auto               ;
; Auto Clock Enable Replacement                                ; On                 ; On                 ;
; Strict RAM Replacement                                       ; Off                ; Off                ;
; Allow Synchronous Control Signals                            ; On                 ; On                 ;
; Force Use of Synchronous Clear Signals                       ; Off                ; Off                ;
; Auto RAM Block Balancing                                     ; On                 ; On                 ;
; Auto RAM to Logic Cell Conversion                            ; Off                ; Off                ;
; Auto Resource Sharing                                        ; Off                ; Off                ;
; Allow Any RAM Size For Recognition                           ; Off                ; Off                ;
; Allow Any ROM Size For Recognition                           ; Off                ; Off                ;
; Allow Any Shift Register Size For Recognition                ; Off                ; Off                ;
; Use LogicLock Constraints during Resource Balancing          ; On                 ; On                 ;
; Ignore translate_off and synthesis_off directives            ; Off                ; Off                ;
; Timing-Driven Synthesis                                      ; Off                ; Off                ;
; Show Parameter Settings Tables in Synthesis Report           ; On                 ; On                 ;
; Ignore Maximum Fan-Out Assignments                           ; Off                ; Off                ;
; Synchronization Register Chain Length                        ; 2                  ; 2                  ;
; PowerPlay Power Optimization                                 ; Normal compilation ; Normal compilation ;
; HDL message level                                            ; Level2             ; Level2             ;
; Suppress Register Optimization Related Messages              ; Off                ; Off                ;
; Number of Removed Registers Reported in Synthesis Report     ; 5000               ; 5000               ;
; Number of Inverted Registers Reported in Synthesis Report    ; 100                ; 100                ;
; Clock MUX Protection                                         ; On                 ; On                 ;
; Auto Gated Clock Conversion                                  ; Off                ; Off                ;
; Block Design Naming                                          ; Auto               ; Auto               ;
; SDC constraint protection                                    ; Off                ; Off                ;
; Synthesis Effort                                             ; Auto               ; Auto               ;
; Shift Register Replacement - Allow Asynchronous Clear Signal ; On                 ; On                 ;
; Analysis & Synthesis Message Level                           ; Medium             ; Medium             ;
+--------------------------------------------------------------+--------------------+--------------------+


+---------------------------------------------------------------------------------------------------------------------------------------------------------+
; Analysis & Synthesis Source Files Read                                                                                                                  ;
+----------------------------------+-----------------+------------------------------+---------------------------------------------------------------------+
; File Name with User-Entered Path ; Used in Netlist ; File Type                    ; File Name with Absolute Path                                        ;
+----------------------------------+-----------------+------------------------------+---------------------------------------------------------------------+
; DE0.vhd                          ; yes             ; User VHDL File               ; F:/DE0_basis/DE0.vhd                                                ;
; lpm_divide.tdf                   ; yes             ; Megafunction                 ; c:/altera/90sp2/quartus/libraries/megafunctions/lpm_divide.tdf      ;
; abs_divider.inc                  ; yes             ; Megafunction                 ; c:/altera/90sp2/quartus/libraries/megafunctions/abs_divider.inc     ;
; sign_div_unsign.inc              ; yes             ; Megafunction                 ; c:/altera/90sp2/quartus/libraries/megafunctions/sign_div_unsign.inc ;
; aglobal90.inc                    ; yes             ; Megafunction                 ; c:/altera/90sp2/quartus/libraries/megafunctions/aglobal90.inc       ;
; db/lpm_divide_f8m.tdf            ; yes             ; Auto-Generated Megafunction  ; F:/DE0_basis/db/lpm_divide_f8m.tdf                                  ;
; db/sign_div_unsign_dkh.tdf       ; yes             ; Auto-Generated Megafunction  ; F:/DE0_basis/db/sign_div_unsign_dkh.tdf                             ;
; db/alt_u_div_53f.tdf             ; yes             ; Auto-Generated Megafunction  ; F:/DE0_basis/db/alt_u_div_53f.tdf                                   ;
; db/add_sub_unc.tdf               ; yes             ; Auto-Generated Megafunction  ; F:/DE0_basis/db/add_sub_unc.tdf                                     ;
; db/add_sub_vnc.tdf               ; yes             ; Auto-Generated Megafunction  ; F:/DE0_basis/db/add_sub_vnc.tdf                                     ;
; db/lpm_divide_9gm.tdf            ; yes             ; Auto-Generated Megafunction  ; F:/DE0_basis/db/lpm_divide_9gm.tdf                                  ;
; db/sign_div_unsign_akh.tdf       ; yes             ; Auto-Generated Megafunction  ; F:/DE0_basis/db/sign_div_unsign_akh.tdf                             ;
; db/alt_u_div_v2f.tdf             ; yes             ; Auto-Generated Megafunction  ; F:/DE0_basis/db/alt_u_div_v2f.tdf                                   ;
+----------------------------------+-----------------+------------------------------+---------------------------------------------------------------------+


+--------------------------------------------------------------+
; Analysis & Synthesis Resource Usage Summary                  ;
+---------------------------------------------+----------------+
; Resource                                    ; Usage          ;
+---------------------------------------------+----------------+
; Estimated Total logic elements              ; 199            ;
;                                             ;                ;
; Total combinational functions               ; 199            ;
; Logic element usage by number of LUT inputs ;                ;
;     -- 4 input functions                    ; 58             ;
;     -- 3 input functions                    ; 49             ;
;     -- <=2 input functions                  ; 92             ;
;                                             ;                ;
; Logic elements by mode                      ;                ;
;     -- normal mode                          ; 130            ;
;     -- arithmetic mode                      ; 69             ;
;                                             ;                ;
; Total registers                             ; 41             ;
;     -- Dedicated logic registers            ; 41             ;
;     -- I/O registers                        ; 0              ;
;                                             ;                ;
; I/O pins                                    ; 252            ;
; Maximum fan-out node                        ; CLOCK_50~input ;
; Maximum fan-out                             ; 33             ;
; Total fan-out                               ; 962            ;
; Average fan-out                             ; 1.20           ;
+---------------------------------------------+----------------+


+--------------------------------------------------------------------------------------------------------------------------------------------------------------------------------------------------------------------------------------------------------------------------+
; Analysis & Synthesis Resource Utilization by Entity                                                                                                                                                                                                                      ;
+----------------------------------------+-------------------+--------------+-------------+--------------+---------+-----------+------+--------------+------------------------------------------------------------------------------------------------------+--------------+
; Compilation Hierarchy Node             ; LC Combinationals ; LC Registers ; Memory Bits ; DSP Elements ; DSP 9x9 ; DSP 18x18 ; Pins ; Virtual Pins ; Full Hierarchy Name                                                                                  ; Library Name ;
+----------------------------------------+-------------------+--------------+-------------+--------------+---------+-----------+------+--------------+------------------------------------------------------------------------------------------------------+--------------+
; |DE0                                   ; 199 (101)         ; 41 (41)      ; 0           ; 0            ; 0       ; 0         ; 252  ; 0            ; |DE0                                                                                                 ; work         ;
;    |lpm_divide:Div0|                   ; 43 (0)            ; 0 (0)        ; 0           ; 0            ; 0       ; 0         ; 0    ; 0            ; |DE0|lpm_divide:Div0                                                                                 ; work         ;
;       |lpm_divide_9gm:auto_generated|  ; 43 (0)            ; 0 (0)        ; 0           ; 0            ; 0       ; 0         ; 0    ; 0            ; |DE0|lpm_divide:Div0|lpm_divide_9gm:auto_generated                                                   ; work         ;
;          |sign_div_unsign_akh:divider| ; 43 (0)            ; 0 (0)        ; 0           ; 0            ; 0       ; 0         ; 0    ; 0            ; |DE0|lpm_divide:Div0|lpm_divide_9gm:auto_generated|sign_div_unsign_akh:divider                       ; work         ;
;             |alt_u_div_v2f:divider|    ; 43 (43)           ; 0 (0)        ; 0           ; 0            ; 0       ; 0         ; 0    ; 0            ; |DE0|lpm_divide:Div0|lpm_divide_9gm:auto_generated|sign_div_unsign_akh:divider|alt_u_div_v2f:divider ; work         ;
;    |lpm_divide:Mod0|                   ; 55 (0)            ; 0 (0)        ; 0           ; 0            ; 0       ; 0         ; 0    ; 0            ; |DE0|lpm_divide:Mod0                                                                                 ; work         ;
;       |lpm_divide_f8m:auto_generated|  ; 55 (0)            ; 0 (0)        ; 0           ; 0            ; 0       ; 0         ; 0    ; 0            ; |DE0|lpm_divide:Mod0|lpm_divide_f8m:auto_generated                                                   ; work         ;
;          |sign_div_unsign_dkh:divider| ; 55 (0)            ; 0 (0)        ; 0           ; 0            ; 0       ; 0         ; 0    ; 0            ; |DE0|lpm_divide:Mod0|lpm_divide_f8m:auto_generated|sign_div_unsign_dkh:divider                       ; work         ;
;             |alt_u_div_53f:divider|    ; 55 (55)           ; 0 (0)        ; 0           ; 0            ; 0       ; 0         ; 0    ; 0            ; |DE0|lpm_divide:Mod0|lpm_divide_f8m:auto_generated|sign_div_unsign_dkh:divider|alt_u_div_53f:divider ; work         ;
+----------------------------------------+-------------------+--------------+-------------+--------------+---------+-----------+------+--------------+------------------------------------------------------------------------------------------------------+--------------+
Note: For table entries with two numbers listed, the numbers in parentheses indicate the number of resources of the given type used by the specific entity alone. The numbers listed outside of parentheses indicate the total resources of the given type used by the specific entity and all of its sub-entities in the hierarchy.


+------------------------------------------------------+
; General Register Statistics                          ;
+----------------------------------------------+-------+
; Statistic                                    ; Value ;
+----------------------------------------------+-------+
; Total registers                              ; 41    ;
; Number of registers using Synchronous Clear  ; 0     ;
; Number of registers using Synchronous Load   ; 0     ;
; Number of registers using Asynchronous Clear ; 1     ;
; Number of registers using Asynchronous Load  ; 0     ;
; Number of registers using Clock Enable       ; 0     ;
; Number of registers using Preset             ; 0     ;
+----------------------------------------------+-------+


+--------------------------------------------------+
; Inverted Register Statistics                     ;
+----------------------------------------+---------+
; Inverted Register                      ; Fan out ;
+----------------------------------------+---------+
; count[31]                              ; 2       ;
; count[0]                               ; 3       ;
; Total number of inverted registers = 2 ;         ;
+----------------------------------------+---------+


+------------------------------------------------------------------+
; Parameter Settings for Inferred Entity Instance: lpm_divide:Mod0 ;
+------------------------+----------------+------------------------+
; Parameter Name         ; Value          ; Type                   ;
+------------------------+----------------+------------------------+
; LPM_WIDTHN             ; 7              ; Untyped                ;
; LPM_WIDTHD             ; 7              ; Untyped                ;
; LPM_NREPRESENTATION    ; UNSIGNED       ; Untyped                ;
; LPM_DREPRESENTATION    ; UNSIGNED       ; Untyped                ;
; LPM_PIPELINE           ; 0              ; Untyped                ;
; LPM_REMAINDERPOSITIVE  ; TRUE           ; Untyped                ;
; MAXIMIZE_SPEED         ; 5              ; Untyped                ;
; CBXI_PARAMETER         ; lpm_divide_f8m ; Untyped                ;
; CARRY_CHAIN            ; MANUAL         ; Untyped                ;
; OPTIMIZE_FOR_SPEED     ; 5              ; Untyped                ;
; AUTO_CARRY_CHAINS      ; ON             ; AUTO_CARRY             ;
; IGNORE_CARRY_BUFFERS   ; OFF            ; IGNORE_CARRY           ;
; AUTO_CASCADE_CHAINS    ; ON             ; AUTO_CASCADE           ;
; IGNORE_CASCADE_BUFFERS ; OFF            ; IGNORE_CASCADE         ;
+------------------------+----------------+------------------------+
Note: In order to hide this table in the UI and the text report file, please set the "Show Parameter Settings Tables in Synthesis Report" option in "Analysis and Synthesis Settings -> More Settings" to "Off".


+------------------------------------------------------------------+
; Parameter Settings for Inferred Entity Instance: lpm_divide:Div0 ;
+------------------------+----------------+------------------------+
; Parameter Name         ; Value          ; Type                   ;
+------------------------+----------------+------------------------+
; LPM_WIDTHN             ; 7              ; Untyped                ;
; LPM_WIDTHD             ; 4              ; Untyped                ;
; LPM_NREPRESENTATION    ; UNSIGNED       ; Untyped                ;
; LPM_DREPRESENTATION    ; UNSIGNED       ; Untyped                ;
; LPM_PIPELINE           ; 0              ; Untyped                ;
; LPM_REMAINDERPOSITIVE  ; TRUE           ; Untyped                ;
; MAXIMIZE_SPEED         ; 5              ; Untyped                ;
; CBXI_PARAMETER         ; lpm_divide_9gm ; Untyped                ;
; CARRY_CHAIN            ; MANUAL         ; Untyped                ;
; OPTIMIZE_FOR_SPEED     ; 5              ; Untyped                ;
; AUTO_CARRY_CHAINS      ; ON             ; AUTO_CARRY             ;
; IGNORE_CARRY_BUFFERS   ; OFF            ; IGNORE_CARRY           ;
; AUTO_CASCADE_CHAINS    ; ON             ; AUTO_CASCADE           ;
; IGNORE_CASCADE_BUFFERS ; OFF            ; IGNORE_CASCADE         ;
+------------------------+----------------+------------------------+
Note: In order to hide this table in the UI and the text report file, please set the "Show Parameter Settings Tables in Synthesis Report" option in "Analysis and Synthesis Settings -> More Settings" to "Off".


+-------------------------------+
; Analysis & Synthesis Messages ;
+-------------------------------+
Info: *******************************************************************
Info: Running Quartus II Analysis & Synthesis
    Info: Version 9.0 Build 235 06/17/2009 Service Pack 2 SJ Web Edition
    Info: Processing started: Thu Apr 16 16:46:35 2015
Info: Command: quartus_map --read_settings_files=on --write_settings_files=off DE0 -c DE0
Info: Found 2 design units, including 1 entities, in source file DE0.vhd
    Info: Found design unit 1: DE0-structure
    Info: Found entity 1: DE0
Info: Elaborating entity "DE0" for the top level hierarchy
Warning (10873): Using initial value X (don't care) for net "LEDG[9]" at DE0.vhd(12)
Warning (10873): Using initial value X (don't care) for net "LEDG[8]" at DE0.vhd(12)
Warning (10873): Using initial value X (don't care) for net "LEDG[7]" at DE0.vhd(12)
Warning (10873): Using initial value X (don't care) for net "LEDG[6]" at DE0.vhd(12)
Warning (10873): Using initial value X (don't care) for net "LEDG[5]" at DE0.vhd(12)
Warning (10873): Using initial value X (don't care) for net "LEDG[4]" at DE0.vhd(12)
Info: Inferred 2 megafunctions from design logic
    Info: Inferred divider/modulo megafunction ("lpm_divide") from the following logic: "Mod0"
    Info: Inferred divider/modulo megafunction ("lpm_divide") from the following logic: "Div0"
Info: Elaborated megafunction instantiation "lpm_divide:Mod0"
Info: Instantiated megafunction "lpm_divide:Mod0" with the following parameter:
    Info: Parameter "LPM_WIDTHN" = "7"
    Info: Parameter "LPM_WIDTHD" = "7"
    Info: Parameter "LPM_NREPRESENTATION" = "UNSIGNED"
    Info: Parameter "LPM_DREPRESENTATION" = "UNSIGNED"
Info: Found 1 design units, including 1 entities, in source file db/lpm_divide_f8m.tdf
    Info: Found entity 1: lpm_divide_f8m
Info: Found 1 design units, including 1 entities, in source file db/sign_div_unsign_dkh.tdf
    Info: Found entity 1: sign_div_unsign_dkh
Info: Found 1 design units, including 1 entities, in source file db/alt_u_div_53f.tdf
    Info: Found entity 1: alt_u_div_53f
Info: Found 1 design units, including 1 entities, in source file db/add_sub_unc.tdf
    Info: Found entity 1: add_sub_unc
Info: Found 1 design units, including 1 entities, in source file db/add_sub_vnc.tdf
    Info: Found entity 1: add_sub_vnc
Info: Elaborated megafunction instantiation "lpm_divide:Div0"
Info: Instantiated megafunction "lpm_divide:Div0" with the following parameter:
    Info: Parameter "LPM_WIDTHN" = "7"
    Info: Parameter "LPM_WIDTHD" = "4"
    Info: Parameter "LPM_NREPRESENTATION" = "UNSIGNED"
    Info: Parameter "LPM_DREPRESENTATION" = "UNSIGNED"
Info: Found 1 design units, including 1 entities, in source file db/lpm_divide_9gm.tdf
    Info: Found entity 1: lpm_divide_9gm
Info: Found 1 design units, including 1 entities, in source file db/sign_div_unsign_akh.tdf
    Info: Found entity 1: sign_div_unsign_akh
Info: Found 1 design units, including 1 entities, in source file db/alt_u_div_v2f.tdf
    Info: Found entity 1: alt_u_div_v2f
Warning: The following nodes have both tri-state and non-tri-state drivers
    Warning: Inserted always-enabled tri-state buffer between "HEX0_D[6]" and its non-tri-state driver.
    Warning: Inserted always-enabled tri-state buffer between "HEX0_D[5]" and its non-tri-state driver.
    Warning: Inserted always-enabled tri-state buffer between "HEX0_D[4]" and its non-tri-state driver.
    Warning: Inserted always-enabled tri-state buffer between "HEX0_D[3]" and its non-tri-state driver.
    Warning: Inserted always-enabled tri-state buffer between "HEX0_D[2]" and its non-tri-state driver.
    Warning: Inserted always-enabled tri-state buffer between "HEX0_D[1]" and its non-tri-state driver.
    Warning: Inserted always-enabled tri-state buffer between "HEX0_D[0]" and its non-tri-state driver.
    Warning: Inserted always-enabled tri-state buffer between "HEX2_D[6]" and its non-tri-state driver.
    Warning: Inserted always-enabled tri-state buffer between "HEX2_D[5]" and its non-tri-state driver.
    Warning: Inserted always-enabled tri-state buffer between "HEX2_D[4]" and its non-tri-state driver.
    Warning: Inserted always-enabled tri-state buffer between "HEX2_D[3]" and its non-tri-state driver.
    Warning: Inserted always-enabled tri-state buffer between "HEX2_D[2]" and its non-tri-state driver.
    Warning: Inserted always-enabled tri-state buffer between "HEX2_D[1]" and its non-tri-state driver.
    Warning: Inserted always-enabled tri-state buffer between "HEX2_D[0]" and its non-tri-state driver.
    Warning: Inserted always-enabled tri-state buffer between "HEX3_D[6]" and its non-tri-state driver.
    Warning: Inserted always-enabled tri-state buffer between "HEX3_D[5]" and its non-tri-state driver.
    Warning: Inserted always-enabled tri-state buffer between "HEX3_D[4]" and its non-tri-state driver.
    Warning: Inserted always-enabled tri-state buffer between "HEX3_D[3]" and its non-tri-state driver.
    Warning: Inserted always-enabled tri-state buffer between "HEX3_D[2]" and its non-tri-state driver.
    Warning: Inserted always-enabled tri-state buffer between "HEX3_D[1]" and its non-tri-state driver.
    Warning: Inserted always-enabled tri-state buffer between "HEX3_D[0]" and its non-tri-state driver.
Warning: The following bidir pins have no drivers
    Warning: Bidir "HEX1_D[6]" has no driver
    Warning: Bidir "HEX1_D[5]" has no driver
    Warning: Bidir "HEX1_D[4]" has no driver
    Warning: Bidir "HEX1_D[3]" has no driver
    Warning: Bidir "HEX1_D[2]" has no driver
    Warning: Bidir "HEX1_D[1]" has no driver
    Warning: Bidir "HEX1_D[0]" has no driver
    Warning: Bidir "GPIO0_D[31]" has no driver
    Warning: Bidir "GPIO0_D[30]" has no driver
    Warning: Bidir "GPIO0_D[29]" has no driver
    Warning: Bidir "GPIO0_D[28]" has no driver
    Warning: Bidir "GPIO0_D[27]" has no driver
    Warning: Bidir "GPIO0_D[26]" has no driver
    Warning: Bidir "GPIO0_D[25]" has no driver
    Warning: Bidir "GPIO0_D[24]" has no driver
    Warning: Bidir "GPIO0_D[23]" has no driver
    Warning: Bidir "GPIO0_D[22]" has no driver
    Warning: Bidir "GPIO0_D[21]" has no driver
    Warning: Bidir "GPIO0_D[20]" has no driver
    Warning: Bidir "GPIO0_D[19]" has no driver
    Warning: Bidir "GPIO0_D[18]" has no driver
    Warning: Bidir "GPIO0_D[17]" has no driver
    Warning: Bidir "GPIO0_D[16]" has no driver
    Warning: Bidir "GPIO0_D[15]" has no driver
    Warning: Bidir "GPIO0_D[14]" has no driver
    Warning: Bidir "GPIO0_D[13]" has no driver
    Warning: Bidir "GPIO0_D[12]" has no driver
    Warning: Bidir "GPIO0_D[11]" has no driver
    Warning: Bidir "GPIO0_D[10]" has no driver
    Warning: Bidir "GPIO0_D[9]" has no driver
    Warning: Bidir "GPIO0_D[8]" has no driver
    Warning: Bidir "GPIO0_D[7]" has no driver
    Warning: Bidir "GPIO0_D[6]" has no driver
    Warning: Bidir "GPIO0_D[5]" has no driver
    Warning: Bidir "GPIO0_D[4]" has no driver
    Warning: Bidir "GPIO0_D[3]" has no driver
    Warning: Bidir "GPIO0_D[2]" has no driver
    Warning: Bidir "GPIO0_D[1]" has no driver
    Warning: Bidir "GPIO0_D[0]" has no driver
Warning: TRI or OPNDRN buffers permanently enabled
    Warning: Node "HEX0_D[6]~synth"
    Warning: Node "HEX0_D[5]~synth"
    Warning: Node "HEX0_D[4]~synth"
    Warning: Node "HEX0_D[3]~synth"
    Warning: Node "HEX0_D[2]~synth"
    Warning: Node "HEX0_D[1]~synth"
    Warning: Node "HEX0_D[0]~synth"
    Warning: Node "HEX2_D[6]~synth"
    Warning: Node "HEX2_D[5]~synth"
    Warning: Node "HEX2_D[4]~synth"
    Warning: Node "HEX2_D[3]~synth"
    Warning: Node "HEX2_D[2]~synth"
    Warning: Node "HEX2_D[1]~synth"
    Warning: Node "HEX2_D[0]~synth"
    Warning: Node "HEX3_D[6]~synth"
    Warning: Node "HEX3_D[5]~synth"
    Warning: Node "HEX3_D[4]~synth"
    Warning: Node "HEX3_D[3]~synth"
    Warning: Node "HEX3_D[2]~synth"
    Warning: Node "HEX3_D[1]~synth"
    Warning: Node "HEX3_D[0]~synth"
Warning: Output pins are stuck at VCC or GND
    Warning (13410): Pin "LEDG[4]" is stuck at GND
    Warning (13410): Pin "LEDG[5]" is stuck at GND
    Warning (13410): Pin "LEDG[6]" is stuck at GND
    Warning (13410): Pin "LEDG[7]" is stuck at GND
    Warning (13410): Pin "LEDG[8]" is stuck at GND
    Warning (13410): Pin "LEDG[9]" is stuck at GND
Warning: Ignored assignments for entity "DE0_Default" -- entity does not exist in design
    Warning: Assignment of entity set_instance_assignment -name PARTITION_HIERARCHY root_partition -to | -entity DE0_Default -section_id Top is ignored
    Warning: Assignment of entity set_global_assignment -name PARTITION_IMPORT_ASSIGNMENTS ON -entity DE0_Default -section_id Top is ignored
    Warning: Assignment of entity set_global_assignment -name PARTITION_IMPORT_EXISTING_ASSIGNMENTS REPLACE_CONFLICTING -entity DE0_Default -section_id Top is ignored
    Warning: Assignment of entity set_global_assignment -name PARTITION_IMPORT_EXISTING_LOGICLOCK_REGIONS REPLACE_CONFLICTING -entity DE0_Default -section_id Top is ignored
    Warning: Assignment of entity set_global_assignment -name PARTITION_IMPORT_PIN_ASSIGNMENTS ON -entity DE0_Default -section_id Top is ignored
    Warning: Assignment of entity set_global_assignment -name PARTITION_IMPORT_PROMOTE_ASSIGNMENTS ON -entity DE0_Default -section_id Top is ignored
    Warning: Assignment of entity set_global_assignment -name PARTITION_TYPE STANDARD_PARTITION -entity DE0_Default -section_id Top is ignored
Warning: Design contains 174 input pin(s) that do not drive logic
    Warning (15610): No output dependent on input pin "SW[4]"
    Warning (15610): No output dependent on input pin "SW[5]"
    Warning (15610): No output dependent on input pin "SW[6]"
    Warning (15610): No output dependent on input pin "SW[7]"
    Warning (15610): No output dependent on input pin "SW[8]"
    Warning (15610): No output dependent on input pin "SW[9]"
    Warning (15610): No output dependent on input pin "FL_BYTE_N"
    Warning (15610): No output dependent on input pin "FL_CE_N"
    Warning (15610): No output dependent on input pin "FL_OE_N"
    Warning (15610): No output dependent on input pin "FL_RST_N"
    Warning (15610): No output dependent on input pin "FL_RY"
    Warning (15610): No output dependent on input pin "FL_WE_N"
    Warning (15610): No output dependent on input pin "FL_WP_N"
    Warning (15610): No output dependent on input pin "FL_DQ15_AM1"
    Warning (15610): No output dependent on input pin "PS2_KBCLK"
    Warning (15610): No output dependent on input pin "PS2_KBDAT"
    Warning (15610): No output dependent on input pin "PS2_MSCLK"
    Warning (15610): No output dependent on input pin "PS2_MSDAT"
    Warning (15610): No output dependent on input pin "UART_RXD"
    Warning (15610): No output dependent on input pin "UART_TXD"
    Warning (15610): No output dependent on input pin "UART_RTS"
    Warning (15610): No output dependent on input pin "UART_CTS"
    Warning (15610): No output dependent on input pin "SD_CLK"
    Warning (15610): No output dependent on input pin "SD_CMD"
    Warning (15610): No output dependent on input pin "SD_DAT0"
    Warning (15610): No output dependent on input pin "SD_DAT3"
    Warning (15610): No output dependent on input pin "SD_WP_N"
    Warning (15610): No output dependent on input pin "LCD_RW"
    Warning (15610): No output dependent on input pin "LCD_RS"
    Warning (15610): No output dependent on input pin "LCD_EN"
    Warning (15610): No output dependent on input pin "LCD_BLON"
    Warning (15610): No output dependent on input pin "VGA_HS"
    Warning (15610): No output dependent on input pin "VGA_VS"
    Warning (15610): No output dependent on input pin "HEX0_DP"
    Warning (15610): No output dependent on input pin "HEX1_DP"
    Warning (15610): No output dependent on input pin "HEX2_DP"
    Warning (15610): No output dependent on input pin "HEX3_DP"
    Warning (15610): No output dependent on input pin "DRAM_CAS_N"
    Warning (15610): No output dependent on input pin "DRAM_CS_N"
    Warning (15610): No output dependent on input pin "DRAM_CLK"
    Warning (15610): No output dependent on input pin "DRAM_CKE"
    Warning (15610): No output dependent on input pin "DRAM_BA_0"
    Warning (15610): No output dependent on input pin "DRAM_BA_1"
    Warning (15610): No output dependent on input pin "DRAM_LDQM"
    Warning (15610): No output dependent on input pin "DRAM_UDQM"
    Warning (15610): No output dependent on input pin "DRAM_RAS_N"
    Warning (15610): No output dependent on input pin "DRAM_WE_N"
    Warning (15610): No output dependent on input pin "CLOCK_50_2"
    Warning (15610): No output dependent on input pin "FL_ADDR[21]"
    Warning (15610): No output dependent on input pin "FL_ADDR[20]"
    Warning (15610): No output dependent on input pin "FL_ADDR[19]"
    Warning (15610): No output dependent on input pin "FL_ADDR[18]"
    Warning (15610): No output dependent on input pin "FL_ADDR[17]"
    Warning (15610): No output dependent on input pin "FL_ADDR[16]"
    Warning (15610): No output dependent on input pin "FL_ADDR[15]"
    Warning (15610): No output dependent on input pin "FL_ADDR[14]"
    Warning (15610): No output dependent on input pin "FL_ADDR[13]"
    Warning (15610): No output dependent on input pin "FL_ADDR[12]"
    Warning (15610): No output dependent on input pin "FL_ADDR[11]"
    Warning (15610): No output dependent on input pin "FL_ADDR[10]"
    Warning (15610): No output dependent on input pin "FL_ADDR[9]"
    Warning (15610): No output dependent on input pin "FL_ADDR[8]"
    Warning (15610): No output dependent on input pin "FL_ADDR[7]"
    Warning (15610): No output dependent on input pin "FL_ADDR[6]"
    Warning (15610): No output dependent on input pin "FL_ADDR[5]"
    Warning (15610): No output dependent on input pin "FL_ADDR[4]"
    Warning (15610): No output dependent on input pin "FL_ADDR[3]"
    Warning (15610): No output dependent on input pin "FL_ADDR[2]"
    Warning (15610): No output dependent on input pin "FL_ADDR[1]"
    Warning (15610): No output dependent on input pin "FL_ADDR[0]"
    Warning (15610): No output dependent on input pin "FL_DQ[14]"
    Warning (15610): No output dependent on input pin "FL_DQ[13]"
    Warning (15610): No output dependent on input pin "FL_DQ[12]"
    Warning (15610): No output dependent on input pin "FL_DQ[11]"
    Warning (15610): No output dependent on input pin "FL_DQ[10]"
    Warning (15610): No output dependent on input pin "FL_DQ[9]"
    Warning (15610): No output dependent on input pin "FL_DQ[8]"
    Warning (15610): No output dependent on input pin "FL_DQ[7]"
    Warning (15610): No output dependent on input pin "FL_DQ[6]"
    Warning (15610): No output dependent on input pin "FL_DQ[5]"
    Warning (15610): No output dependent on input pin "FL_DQ[4]"
    Warning (15610): No output dependent on input pin "FL_DQ[3]"
    Warning (15610): No output dependent on input pin "FL_DQ[2]"
    Warning (15610): No output dependent on input pin "FL_DQ[1]"
    Warning (15610): No output dependent on input pin "FL_DQ[0]"
    Warning (15610): No output dependent on input pin "GPIO0_CLKIN[1]"
    Warning (15610): No output dependent on input pin "GPIO0_CLKIN[0]"
    Warning (15610): No output dependent on input pin "GPIO0_CLKOUT[1]"
    Warning (15610): No output dependent on input pin "GPIO0_CLKOUT[0]"
    Warning (15610): No output dependent on input pin "GPIO1_CLKIN[1]"
    Warning (15610): No output dependent on input pin "GPIO1_CLKIN[0]"
    Warning (15610): No output dependent on input pin "GPIO1_CLKOUT[1]"
    Warning (15610): No output dependent on input pin "GPIO1_CLKOUT[0]"
    Warning (15610): No output dependent on input pin "GPIO1_D[31]"
    Warning (15610): No output dependent on input pin "GPIO1_D[30]"
    Warning (15610): No output dependent on input pin "GPIO1_D[29]"
    Warning (15610): No output dependent on input pin "GPIO1_D[28]"
    Warning (15610): No output dependent on input pin "GPIO1_D[27]"
    Warning (15610): No output dependent on input pin "GPIO1_D[26]"
    Warning (15610): No output dependent on input pin "GPIO1_D[25]"
    Warning (15610): No output dependent on input pin "GPIO1_D[24]"
    Warning (15610): No output dependent on input pin "GPIO1_D[23]"
    Warning (15610): No output dependent on input pin "GPIO1_D[22]"
    Warning (15610): No output dependent on input pin "GPIO1_D[21]"
    Warning (15610): No output dependent on input pin "GPIO1_D[20]"
    Warning (15610): No output dependent on input pin "GPIO1_D[19]"
    Warning (15610): No output dependent on input pin "GPIO1_D[18]"
    Warning (15610): No output dependent on input pin "GPIO1_D[17]"
    Warning (15610): No output dependent on input pin "GPIO1_D[16]"
    Warning (15610): No output dependent on input pin "GPIO1_D[15]"
    Warning (15610): No output dependent on input pin "GPIO1_D[14]"
    Warning (15610): No output dependent on input pin "GPIO1_D[13]"
    Warning (15610): No output dependent on input pin "GPIO1_D[12]"
    Warning (15610): No output dependent on input pin "GPIO1_D[11]"
    Warning (15610): No output dependent on input pin "GPIO1_D[10]"
    Warning (15610): No output dependent on input pin "GPIO1_D[9]"
    Warning (15610): No output dependent on input pin "GPIO1_D[8]"
    Warning (15610): No output dependent on input pin "GPIO1_D[7]"
    Warning (15610): No output dependent on input pin "GPIO1_D[6]"
    Warning (15610): No output dependent on input pin "GPIO1_D[5]"
    Warning (15610): No output dependent on input pin "GPIO1_D[4]"
    Warning (15610): No output dependent on input pin "GPIO1_D[3]"
    Warning (15610): No output dependent on input pin "GPIO1_D[2]"
    Warning (15610): No output dependent on input pin "GPIO1_D[1]"
    Warning (15610): No output dependent on input pin "GPIO1_D[0]"
    Warning (15610): No output dependent on input pin "LCD_DATA[7]"
    Warning (15610): No output dependent on input pin "LCD_DATA[6]"
    Warning (15610): No output dependent on input pin "LCD_DATA[5]"
    Warning (15610): No output dependent on input pin "LCD_DATA[4]"
    Warning (15610): No output dependent on input pin "LCD_DATA[3]"
    Warning (15610): No output dependent on input pin "LCD_DATA[2]"
    Warning (15610): No output dependent on input pin "LCD_DATA[1]"
    Warning (15610): No output dependent on input pin "LCD_DATA[0]"
    Warning (15610): No output dependent on input pin "VGA_G[3]"
    Warning (15610): No output dependent on input pin "VGA_G[2]"
    Warning (15610): No output dependent on input pin "VGA_G[1]"
    Warning (15610): No output dependent on input pin "VGA_G[0]"
    Warning (15610): No output dependent on input pin "VGA_R[3]"
    Warning (15610): No output dependent on input pin "VGA_R[2]"
    Warning (15610): No output dependent on input pin "VGA_R[1]"
    Warning (15610): No output dependent on input pin "VGA_R[0]"
    Warning (15610): No output dependent on input pin "VGA_B[3]"
    Warning (15610): No output dependent on input pin "VGA_B[2]"
    Warning (15610): No output dependent on input pin "VGA_B[1]"
    Warning (15610): No output dependent on input pin "VGA_B[0]"
    Warning (15610): No output dependent on input pin "DRAM_DQ[15]"
    Warning (15610): No output dependent on input pin "DRAM_DQ[14]"
    Warning (15610): No output dependent on input pin "DRAM_DQ[13]"
    Warning (15610): No output dependent on input pin "DRAM_DQ[12]"
    Warning (15610): No output dependent on input pin "DRAM_DQ[11]"
    Warning (15610): No output dependent on input pin "DRAM_DQ[10]"
    Warning (15610): No output dependent on input pin "DRAM_DQ[9]"
    Warning (15610): No output dependent on input pin "DRAM_DQ[8]"
    Warning (15610): No output dependent on input pin "DRAM_DQ[7]"
    Warning (15610): No output dependent on input pin "DRAM_DQ[6]"
    Warning (15610): No output dependent on input pin "DRAM_DQ[5]"
    Warning (15610): No output dependent on input pin "DRAM_DQ[4]"
    Warning (15610): No output dependent on input pin "DRAM_DQ[3]"
    Warning (15610): No output dependent on input pin "DRAM_DQ[2]"
    Warning (15610): No output dependent on input pin "DRAM_DQ[1]"
    Warning (15610): No output dependent on input pin "DRAM_DQ[0]"
    Warning (15610): No output dependent on input pin "DRAM_ADDR[12]"
    Warning (15610): No output dependent on input pin "DRAM_ADDR[11]"
    Warning (15610): No output dependent on input pin "DRAM_ADDR[10]"
    Warning (15610): No output dependent on input pin "DRAM_ADDR[9]"
    Warning (15610): No output dependent on input pin "DRAM_ADDR[8]"
    Warning (15610): No output dependent on input pin "DRAM_ADDR[7]"
    Warning (15610): No output dependent on input pin "DRAM_ADDR[6]"
    Warning (15610): No output dependent on input pin "DRAM_ADDR[5]"
    Warning (15610): No output dependent on input pin "DRAM_ADDR[4]"
    Warning (15610): No output dependent on input pin "DRAM_ADDR[3]"
    Warning (15610): No output dependent on input pin "DRAM_ADDR[2]"
    Warning (15610): No output dependent on input pin "DRAM_ADDR[1]"
    Warning (15610): No output dependent on input pin "DRAM_ADDR[0]"
Info: Implemented 451 device resources after synthesis - the final resource count might be different
    Info: Implemented 182 input pins
    Info: Implemented 10 output pins
    Info: Implemented 60 bidirectional pins
    Info: Implemented 199 logic cells
Info: Quartus II Analysis & Synthesis was successful. 0 errors, 280 warnings
    Info: Peak virtual memory: 234 megabytes
    Info: Processing ended: Thu Apr 16 16:46:38 2015
    Info: Elapsed time: 00:00:03
    Info: Total CPU time (on all processors): 00:00:02


